<?xml version="1.0" encoding="UTF-8"?>
<TestRun id="53e6e548-89b7-4789-92f8-596559a52963" name="diego.ferreira@CADBH831 2014-09-16 14:37:27" runUser="CAD\diego.ferreira" xmlns="http://microsoft.com/schemas/VisualStudio/TeamTest/2010">
  <TestSettings name="Local" id="cd8ea72a-3d1f-4eb7-a511-9bea12f76dba">
    <Description>These are default test settings for a local test run.</Description>
    <Deployment enabled="false" runDeploymentRoot="diego.ferreira_CADBH831 2014-09-16 14_37_27">
      <DeploymentItem filename="D:\Estudo\MVCDSolutions\MvcApplication1\Dominio.Entidades\bin\Debug\Dominio.Entidades.dll" />
      <DeploymentItem filename="D:\Estudo\MVCDSolutions\MvcApplication1\Dados\bin\Debug\Dados.dll" />
    </Deployment>
    <Execution>
      <TestTypeSpecific />
      <AgentRule name="Execution Agents">
      </AgentRule>
    </Execution>
  </TestSettings>
  <Times creation="2014-09-16T14:37:27.0975926-03:00" queuing="2014-09-16T14:37:28.1035926-03:00" start="2014-09-16T14:37:28.2045926-03:00" finish="2014-09-16T14:38:22.3315926-03:00" />
  <ResultSummary outcome="Error">
    <Counters total="1" executed="1" error="0" failed="0" timeout="0" aborted="1" inconclusive="0" passedButRunAborted="0" notRunnable="0" notExecuted="0" disconnected="0" warning="0" passed="0" completed="0" inProgress="0" pending="0" />
    <RunInfos>
      <RunInfo computerName="CADBH831" outcome="Error" timestamp="2014-09-16T14:38:22.3305926-03:00">
        <Text>Test host process exited unexpectedly.</Text>
      </RunInfo>
    </RunInfos>
  </ResultSummary>
  <TestDefinitions>
    <UnitTest name="TestePersistenciaUsuario" storage="d:\estudo\mvcdsolutions\mvcapplication1\testdados\bin\debug\testdados.dll" id="b702c49a-38b3-10dc-720a-ff4f1fcb7199">
      <Execution id="3bac26b2-a0b2-471e-b7b0-3ceba73be507" />
      <TestMethod codeBase="D:/Estudo/MVCDSolutions/MvcApplication1/TestDados/bin/Debug/TestDados.DLL" adapterTypeName="Microsoft.VisualStudio.TestTools.TestTypes.Unit.UnitTestAdapter, Microsoft.VisualStudio.QualityTools.Tips.UnitTest.Adapter, Version=10.0.0.0, Culture=neutral, PublicKeyToken=b03f5f7f11d50a3a" className="TestDados.UnitTest1, TestDados, Version=1.0.0.0, Culture=neutral, PublicKeyToken=null" name="TestePersistenciaUsuario" />
    </UnitTest>
  </TestDefinitions>
  <TestLists>
    <TestList name="Results Not in a List" id="8c84fa94-04c1-424b-9868-57a2d4851a1d" />
    <TestList name="All Loaded Results" id="19431567-8539-422a-85d7-44ee4e166bda" />
  </TestLists>
  <TestEntries>
    <TestEntry testId="b702c49a-38b3-10dc-720a-ff4f1fcb7199" executionId="3bac26b2-a0b2-471e-b7b0-3ceba73be507" testListId="8c84fa94-04c1-424b-9868-57a2d4851a1d" />
  </TestEntries>
  <Results>
    <UnitTestResult executionId="3bac26b2-a0b2-471e-b7b0-3ceba73be507" testId="b702c49a-38b3-10dc-720a-ff4f1fcb7199" testName="TestePersistenciaUsuario" computerName="CADBH831" duration="00:00:54.0260000" startTime="2014-09-16T14:37:28.3055926-03:00" endTime="2014-09-16T14:38:22.3315926-03:00" testType="13cdc9d9-ddb5-4fa4-a97d-d965ccfc6d4b" outcome="Aborted" testListId="8c84fa94-04c1-424b-9868-57a2d4851a1d" relativeResultsDirectory="3bac26b2-a0b2-471e-b7b0-3ceba73be507">
    </UnitTestResult>
  </Results>
</TestRun>