<?xml version="1.0" encoding="UTF-8"?>
<TestRun id="c9b5fbc0-4ac7-41b7-8f70-532cb57ec20e" name="diego.ferreira@CADBH831 2014-09-16 10:40:27" runUser="CAD\diego.ferreira" xmlns="http://microsoft.com/schemas/VisualStudio/TeamTest/2010">
  <TestSettings name="Local" id="cd8ea72a-3d1f-4eb7-a511-9bea12f76dba">
    <Description>These are default test settings for a local test run.</Description>
    <Deployment enabled="false" runDeploymentRoot="diego.ferreira_CADBH831 2014-09-16 10_40_27">
      <DeploymentItem filename="D:\Estudo\MVCDSolutions\MvcApplication1\Dominio.Entidades\bin\Debug\Dominio.Entidades.dll" />
      <DeploymentItem filename="D:\Estudo\MVCDSolutions\MvcApplication1\Dados\bin\Debug\Dados.dll" />
    </Deployment>
    <Execution>
      <TestTypeSpecific />
      <AgentRule name="Execution Agents">
      </AgentRule>
    </Execution>
  </TestSettings>
  <Times creation="2014-09-16T10:40:27.3576130-03:00" queuing="2014-09-16T10:40:28.5786130-03:00" start="2014-09-16T10:40:28.6866130-03:00" finish="2014-09-16T10:40:36.1256130-03:00" />
  <ResultSummary outcome="Failed">
    <Counters total="1" executed="1" error="0" failed="1" timeout="0" aborted="0" inconclusive="0" passedButRunAborted="0" notRunnable="0" notExecuted="0" disconnected="0" warning="0" passed="0" completed="0" inProgress="0" pending="0" />
  </ResultSummary>
  <TestDefinitions>
    <UnitTest name="TestMethod1" storage="d:\estudo\mvcdsolutions\mvcapplication1\testdados\bin\debug\testdados.dll" id="5bbb4fef-6f3d-115c-2a43-871856d3b60a">
      <Execution id="06381362-54e4-47fd-8b94-dda3925b74e6" />
      <TestMethod codeBase="D:/Estudo/MVCDSolutions/MvcApplication1/TestDados/bin/Debug/TestDados.DLL" adapterTypeName="Microsoft.VisualStudio.TestTools.TestTypes.Unit.UnitTestAdapter, Microsoft.VisualStudio.QualityTools.Tips.UnitTest.Adapter, Version=10.0.0.0, Culture=neutral, PublicKeyToken=b03f5f7f11d50a3a" className="TestDados.UnitTest1, TestDados, Version=1.0.0.0, Culture=neutral, PublicKeyToken=null" name="TestMethod1" />
    </UnitTest>
  </TestDefinitions>
  <TestLists>
    <TestList name="Results Not in a List" id="8c84fa94-04c1-424b-9868-57a2d4851a1d" />
    <TestList name="All Loaded Results" id="19431567-8539-422a-85d7-44ee4e166bda" />
  </TestLists>
  <TestEntries>
    <TestEntry testId="5bbb4fef-6f3d-115c-2a43-871856d3b60a" executionId="06381362-54e4-47fd-8b94-dda3925b74e6" testListId="8c84fa94-04c1-424b-9868-57a2d4851a1d" />
  </TestEntries>
  <Results>
    <UnitTestResult executionId="06381362-54e4-47fd-8b94-dda3925b74e6" testId="5bbb4fef-6f3d-115c-2a43-871856d3b60a" testName="TestMethod1" computerName="CADBH831" duration="00:00:05.9518329" startTime="2014-09-16T10:40:28.7936130-03:00" endTime="2014-09-16T10:40:36.0376130-03:00" testType="13cdc9d9-ddb5-4fa4-a97d-d965ccfc6d4b" outcome="Failed" testListId="8c84fa94-04c1-424b-9868-57a2d4851a1d" relativeResultsDirectory="06381362-54e4-47fd-8b94-dda3925b74e6">
      <Output>
        <ErrorInfo>
          <Message>Test method TestDados.UnitTest1.TestMethod1 threw exception: 
System.InvalidOperationException: O ObjectStateManager não contém uma ObjectStateEntry com uma referência a um objeto de tipo 'Dados.USUARIO'.</Message>
          <StackTrace>    em System.Data.Objects.ObjectStateManager.ChangeObjectState(Object entity, EntityState entityState)
   em Dados.ContextDBHelp.Save(EntityObject objEntity) na D:\Estudo\MVCDSolutions\MvcApplication1\Dados\ContextDBHelp.cs:linha 24
   em Dados.BaseRepository`1.AdicionarItem(TModel model) na D:\Estudo\MVCDSolutions\MvcApplication1\Dados\Repositorio\BaseRepository.cs:linha 129
   em TestDados.UnitTest1.TestMethod1() na D:\Estudo\MVCDSolutions\MvcApplication1\TestDados\UnitTest1.cs:linha 28
</StackTrace>
        </ErrorInfo>
      </Output>
    </UnitTestResult>
  </Results>
</TestRun>