<?xml version="1.0" encoding="UTF-8"?>
<TestRun id="0b16a26a-0b71-4f6f-93dd-2808b5df014b" name="diego.ferreira@CADBH831 2014-09-16 14:32:47" runUser="CAD\diego.ferreira" xmlns="http://microsoft.com/schemas/VisualStudio/TeamTest/2010">
  <TestSettings name="Local" id="cd8ea72a-3d1f-4eb7-a511-9bea12f76dba">
    <Description>These are default test settings for a local test run.</Description>
    <Deployment enabled="false" runDeploymentRoot="diego.ferreira_CADBH831 2014-09-16 14_32_47">
      <DeploymentItem filename="D:\Estudo\MVCDSolutions\MvcApplication1\Dominio.Entidades\bin\Debug\Dominio.Entidades.dll" />
      <DeploymentItem filename="D:\Estudo\MVCDSolutions\MvcApplication1\Dados\bin\Debug\Dados.dll" />
    </Deployment>
    <Execution>
      <TestTypeSpecific />
      <AgentRule name="Execution Agents">
      </AgentRule>
    </Execution>
  </TestSettings>
  <Times creation="2014-09-16T14:32:47.4475926-03:00" queuing="2014-09-16T14:32:48.4825926-03:00" start="2014-09-16T14:32:48.5855926-03:00" finish="2014-09-16T14:33:58.2275926-03:00" />
  <ResultSummary outcome="Failed">
    <Counters total="1" executed="1" error="0" failed="1" timeout="0" aborted="0" inconclusive="0" passedButRunAborted="0" notRunnable="0" notExecuted="0" disconnected="0" warning="0" passed="0" completed="0" inProgress="0" pending="0" />
  </ResultSummary>
  <TestDefinitions>
    <UnitTest name="TestePersistenciaUsuario" storage="d:\estudo\mvcdsolutions\mvcapplication1\testdados\bin\debug\testdados.dll" id="b702c49a-38b3-10dc-720a-ff4f1fcb7199">
      <Execution id="8dbf66ba-6342-4bc4-8256-975cdd65285e" />
      <TestMethod codeBase="D:/Estudo/MVCDSolutions/MvcApplication1/TestDados/bin/Debug/TestDados.DLL" adapterTypeName="Microsoft.VisualStudio.TestTools.TestTypes.Unit.UnitTestAdapter, Microsoft.VisualStudio.QualityTools.Tips.UnitTest.Adapter, Version=10.0.0.0, Culture=neutral, PublicKeyToken=b03f5f7f11d50a3a" className="TestDados.UnitTest1, TestDados, Version=1.0.0.0, Culture=neutral, PublicKeyToken=null" name="TestePersistenciaUsuario" />
    </UnitTest>
  </TestDefinitions>
  <TestLists>
    <TestList name="Results Not in a List" id="8c84fa94-04c1-424b-9868-57a2d4851a1d" />
    <TestList name="All Loaded Results" id="19431567-8539-422a-85d7-44ee4e166bda" />
  </TestLists>
  <TestEntries>
    <TestEntry testId="b702c49a-38b3-10dc-720a-ff4f1fcb7199" executionId="8dbf66ba-6342-4bc4-8256-975cdd65285e" testListId="8c84fa94-04c1-424b-9868-57a2d4851a1d" />
  </TestEntries>
  <Results>
    <UnitTestResult executionId="8dbf66ba-6342-4bc4-8256-975cdd65285e" testId="b702c49a-38b3-10dc-720a-ff4f1fcb7199" testName="TestePersistenciaUsuario" computerName="CADBH831" duration="00:01:08.1420857" startTime="2014-09-16T14:32:48.6835926-03:00" endTime="2014-09-16T14:33:58.0565926-03:00" testType="13cdc9d9-ddb5-4fa4-a97d-d965ccfc6d4b" outcome="Failed" testListId="8c84fa94-04c1-424b-9868-57a2d4851a1d" relativeResultsDirectory="8dbf66ba-6342-4bc4-8256-975cdd65285e">
      <Output>
        <ErrorInfo>
          <Message>Test method TestDados.UnitTest1.TestePersistenciaUsuario threw exception: 
System.NullReferenceException: Referência de objeto não definida para uma instância de um objeto.</Message>
          <StackTrace>    em Dados.BaseRepository`1.MontarObjetoDeModelo(EntityObject objetoBancoDeDados) na D:\Estudo\MVCDSolutions\MvcApplication1\Dados\Repositorio\BaseRepository.cs:linha 86
   em Dados.BaseRepository`1.BuscarPorID(Int32 ID) na D:\Estudo\MVCDSolutions\MvcApplication1\Dados\Repositorio\BaseRepository.cs:linha 42
   em TestDados.UnitTest1.TestarConsistenciainclusao() na D:\Estudo\MVCDSolutions\MvcApplication1\TestDados\UnitTest1.cs:linha 47
   em TestDados.UnitTest1.TestePersistenciaUsuario() na D:\Estudo\MVCDSolutions\MvcApplication1\TestDados\UnitTest1.cs:linha 37
</StackTrace>
        </ErrorInfo>
      </Output>
    </UnitTestResult>
  </Results>
</TestRun>