<?xml version="1.0" encoding="UTF-8"?>
<TestRun id="6033c7d6-c9ff-4375-bf98-5ac421ba9a3e" name="diego.ferreira@CADBH831 2014-09-16 11:05:16" runUser="CAD\diego.ferreira" xmlns="http://microsoft.com/schemas/VisualStudio/TeamTest/2010">
  <TestSettings name="Local" id="cd8ea72a-3d1f-4eb7-a511-9bea12f76dba">
    <Description>These are default test settings for a local test run.</Description>
    <Deployment enabled="false" runDeploymentRoot="diego.ferreira_CADBH831 2014-09-16 11_05_16">
      <DeploymentItem filename="D:\Estudo\MVCDSolutions\MvcApplication1\Dominio.Entidades\bin\Debug\Dominio.Entidades.dll" />
      <DeploymentItem filename="D:\Estudo\MVCDSolutions\MvcApplication1\Dados\bin\Debug\Dados.dll" />
    </Deployment>
    <Execution>
      <TestTypeSpecific />
      <AgentRule name="Execution Agents">
      </AgentRule>
    </Execution>
  </TestSettings>
  <Times creation="2014-09-16T11:05:16.3476096-03:00" queuing="2014-09-16T11:05:17.4486096-03:00" start="2014-09-16T11:05:17.5826096-03:00" finish="2014-09-16T11:05:42.6186096-03:00" />
  <ResultSummary outcome="Failed">
    <Counters total="1" executed="1" error="0" failed="1" timeout="0" aborted="0" inconclusive="0" passedButRunAborted="0" notRunnable="0" notExecuted="0" disconnected="0" warning="0" passed="0" completed="0" inProgress="0" pending="0" />
  </ResultSummary>
  <TestDefinitions>
    <UnitTest name="TestMethod1" storage="d:\estudo\mvcdsolutions\mvcapplication1\testdados\bin\debug\testdados.dll" id="5bbb4fef-6f3d-115c-2a43-871856d3b60a">
      <Execution id="28bd3b78-8004-481e-a74a-67c09e2927ee" />
      <TestMethod codeBase="D:/Estudo/MVCDSolutions/MvcApplication1/TestDados/bin/Debug/TestDados.DLL" adapterTypeName="Microsoft.VisualStudio.TestTools.TestTypes.Unit.UnitTestAdapter, Microsoft.VisualStudio.QualityTools.Tips.UnitTest.Adapter, Version=10.0.0.0, Culture=neutral, PublicKeyToken=b03f5f7f11d50a3a" className="TestDados.UnitTest1, TestDados, Version=1.0.0.0, Culture=neutral, PublicKeyToken=null" name="TestMethod1" />
    </UnitTest>
  </TestDefinitions>
  <TestLists>
    <TestList name="Results Not in a List" id="8c84fa94-04c1-424b-9868-57a2d4851a1d" />
    <TestList name="All Loaded Results" id="19431567-8539-422a-85d7-44ee4e166bda" />
  </TestLists>
  <TestEntries>
    <TestEntry testId="5bbb4fef-6f3d-115c-2a43-871856d3b60a" executionId="28bd3b78-8004-481e-a74a-67c09e2927ee" testListId="8c84fa94-04c1-424b-9868-57a2d4851a1d" />
  </TestEntries>
  <Results>
    <UnitTestResult executionId="28bd3b78-8004-481e-a74a-67c09e2927ee" testId="5bbb4fef-6f3d-115c-2a43-871856d3b60a" testName="TestMethod1" computerName="CADBH831" duration="00:00:23.5947518" startTime="2014-09-16T11:05:17.7166096-03:00" endTime="2014-09-16T11:05:42.5526096-03:00" testType="13cdc9d9-ddb5-4fa4-a97d-d965ccfc6d4b" outcome="Failed" testListId="8c84fa94-04c1-424b-9868-57a2d4851a1d" relativeResultsDirectory="28bd3b78-8004-481e-a74a-67c09e2927ee">
      <Output>
        <ErrorInfo>
          <Message>Test method TestDados.UnitTest1.TestMethod1 threw exception: 
System.InvalidOperationException: O objeto não pode ser excluído porque não foi encontrado no ObjectStateManager.</Message>
          <StackTrace>    em System.Data.Objects.ObjectContext.DeleteObject(Object entity, EntitySet expectedEntitySet)
   em System.Data.Objects.ObjectContext.DeleteObject(Object entity)
   em Dados.BaseRepository`1.RemoverItem(TModel model) na D:\Estudo\MVCDSolutions\MvcApplication1\Dados\Repositorio\BaseRepository.cs:linha 146
   em TestDados.UnitTest1.TestMethod1() na D:\Estudo\MVCDSolutions\MvcApplication1\TestDados\UnitTest1.cs:linha 29
</StackTrace>
        </ErrorInfo>
      </Output>
    </UnitTestResult>
  </Results>
</TestRun>